\BOOKMARK [1][-]{section.1}{\376\377\004\022\004\062\004\065\004\064\004\065\004\075\004\070\004\065}{}% 1
\BOOKMARK [1][-]{section.2}{\376\377\004\036\004\061\004\067\004\076\004\100\000\040\004\073\004\070\004\102\004\065\004\100\004\060\004\102\004\103\004\100\004\113}{}% 2
\BOOKMARK [2][-]{subsection.2.1}{\376\377\004\041\004\102\004\060\004\075\004\064\004\060\004\100\004\102\004\075\004\113\004\065\000\040\004\077\004\076\004\064\004\105\004\076\004\064\004\113\000\040\004\072\000\040\004\070\004\067\004\062\004\073\004\065\004\107\004\065\004\075\004\070\004\116\000\040\004\070\004\074\004\065\004\075\004\076\004\062\004\060\004\075\004\075\004\113\004\105\000\040\004\101\004\103\004\111\004\075\004\076\004\101\004\102\004\065\004\071}{section.2}% 3
\BOOKMARK [3][-]{subsubsection.2.1.1}{\376\377\000L\000o\000w\000-\000R\000e\000s\000o\000u\000r\000c\000e\000\040\000N\000a\000m\000e\000d\000\040\000E\000n\000t\000i\000t\000y\000\040\000R\000e\000c\000o\000g\000n\000i\000t\000i\000o\000n\000\040\000w\000i\000t\000h\000\040\000C\000r\000o\000s\000s\000-\000L\000i\000n\000g\000u\000a\000l\000,\000\040\000C\000h\000a\000r\000a\000c\000t\000e\000r\000-\000L\000e\000v\000e\000l\000\040\000N\000e\000u\000r\000a\000l\000\040\000C\000o\000n\000d\000i\000t\000i\000o\000n\000a\000l\000\040\000R\000a\000n\000d\000o\000m\000\040\000F\000i\000e\000l\000d\000s}{subsection.2.1}% 4
\BOOKMARK [3][-]{subsubsection.2.1.2}{\376\377\000A\000\040\000N\000e\000u\000r\000a\000l\000\040\000L\000a\000y\000e\000r\000e\000d\000\040\000M\000o\000d\000e\000l\000\040\000f\000o\000r\000\040\000N\000e\000s\000t\000e\000d\000\040\000N\000a\000m\000e\000d\000\040\000E\000n\000t\000i\000t\000y\000\040\000R\000e\000c\000o\000g\000n\000i\000t\000i\000o\000n}{subsection.2.1}% 5
\BOOKMARK [3][-]{subsubsection.2.1.3}{\376\377\000B\000E\000R\000T\000:\000\040\000P\000r\000e\000-\000t\000r\000a\000i\000n\000i\000n\000g\000\040\000o\000f\000\040\000D\000e\000e\000p\000\040\000B\000i\000d\000i\000r\000e\000c\000t\000i\000o\000n\000a\000l\000\040\000T\000r\000a\000n\000s\000f\000o\000r\000m\000e\000r\000s\000\040\000\040\000f\000o\000r\000\040\000L\000a\000n\000g\000u\000a\000g\000e\000\040\000U\000n\000d\000e\000r\000s\000t\000a\000n\000d\000i\000n\000g}{subsection.2.1}% 6
\BOOKMARK [3][-]{subsubsection.2.1.4}{\376\377\000H\000u\000g\000g\000i\000n\000g\000f\000a\000c\000e\000\040\000T\000r\000a\000n\000s\000f\000o\000r\000m\000e\000r\000s}{subsection.2.1}% 7
\BOOKMARK [2][-]{subsection.2.2}{\376\377\004\041\004\102\004\060\004\075\004\064\004\060\004\100\004\102\004\075\004\113\004\065\000\040\004\077\004\076\004\064\004\105\004\076\004\064\004\113\000\040\004\072\000\040\004\100\004\060\004\067\004\074\004\065\004\102\004\072\004\065\000\040\004\064\004\060\004\075\004\075\004\113\004\105}{section.2}% 8
\BOOKMARK [2][-]{subsection.2.3}{\376\377\004\040\004\060\004\061\004\076\004\102\004\113\000,\000\040\004\101\004\062\004\117\004\067\004\060\004\075\004\075\004\113\004\065\000\040\004\101\000\040\004\070\004\067\004\062\004\073\004\065\004\107\004\065\004\075\004\070\004\065\004\074\000\040\004\070\004\074\004\065\004\075\004\076\004\062\004\060\004\075\004\075\004\113\004\105\000\040\004\101\004\103\004\111\004\075\004\076\004\101\004\102\004\065\004\071\000\040\004\062\000\040\004\074\004\060\004\073\004\076\004\100\004\065\004\101\004\103\004\100\004\101\004\075\004\113\004\105\000\040\004\117\004\067\004\113\004\072\004\060\004\105}{section.2}% 9
\BOOKMARK [3][-]{subsubsection.2.3.1}{\376\377\000D\000a\000t\000a\000s\000e\000t\000s\000\040\000a\000n\000d\000\040\000B\000a\000s\000e\000l\000i\000n\000e\000s\000\040\000f\000o\000r\000\040\000N\000a\000m\000e\000d\000\040\000E\000n\000t\000i\000t\000y\000\040\000R\000e\000c\000o\000g\000n\000i\000t\000i\000o\000n\000\040\000i\000n\000\040\000A\000r\000m\000e\000n\000i\000a\000n\000\040\000T\000e\000x\000t\000s}{subsection.2.3}% 10
\BOOKMARK [2][-]{subsection.2.4}{\376\377\004\040\004\060\004\061\004\076\004\102\004\113\000,\000\040\004\101\004\062\004\117\004\067\004\060\004\075\004\075\004\113\004\065\000\040\004\101\000\040\004\070\004\067\004\062\004\073\004\065\004\107\004\065\004\075\004\070\004\065\004\074\000\040\004\070\004\074\004\065\004\075\004\076\004\062\004\060\004\075\004\075\004\113\004\105\000\040\004\101\004\103\004\111\004\075\004\076\004\101\004\102\004\065\004\071\000\040\004\062\000\040\004\102\004\060\004\102\004\060\004\100\004\101\004\072\004\076\004\074\000\040\004\117\004\067\004\113\004\072\004\065}{section.2}% 11
\BOOKMARK [3][-]{subsubsection.2.4.1}{\376\377\000D\000e\000v\000e\000l\000o\000p\000i\000n\000g\000\040\000C\000o\000r\000p\000u\000s\000\040\000M\000a\000n\000a\000g\000e\000m\000e\000n\000t\000\040\000S\000y\000s\000t\000e\000m\000:\000\040\000A\000r\000c\000h\000i\000t\000e\000c\000t\000u\000r\000e\000\040\000o\000f\000\040\000S\000y\000s\000t\000e\000m\000\040\000a\000n\000d\000\040\000D\000a\000t\000a\000b\000a\000s\000e}{subsection.2.4}% 12
\BOOKMARK [3][-]{subsubsection.2.4.2}{\376\377\000N\000a\000m\000e\000d\000\040\000E\000n\000t\000i\000t\000y\000\040\000R\000e\000c\000o\000g\000n\000i\000t\000i\000o\000n\000\040\000i\000n\000\040\000T\000a\000t\000a\000r\000:\000\040\000C\000o\000r\000p\000u\000s\000-\000B\000a\000s\000e\000d\000\040\000A\000l\000g\000o\000r\000i\000t\000h\000m}{subsection.2.4}% 13
\BOOKMARK [2][-]{subsection.2.5}{\376\377\004\022\004\113\004\062\004\076\004\064\004\113}{section.2}% 14
\BOOKMARK [1][-]{section.3}{\376\377\004\034\004\065\004\102\004\076\004\064\004\076\004\073\004\076\004\063\004\070\004\117}{}% 15
\BOOKMARK [1][-]{section.4}{\376\377\004\037\004\076\004\073\004\103\004\107\004\065\004\075\004\070\004\065\000\040\004\070\000\040\004\100\004\060\004\067\004\074\004\065\004\102\004\072\004\060\000\040\004\064\004\060\004\075\004\075\004\113\004\105}{}% 16
\BOOKMARK [2][-]{subsection.4.1}{\376\377\004\042\004\103\004\063\004\060\004\075\000\040\004\042\004\065\004\073}{section.4}% 17
\BOOKMARK [2][-]{subsection.4.2}{\376\377\004\042\004\060\004\102\004\060\004\100\004\101\004\072\004\060\004\117\000\040\004\022\004\070\004\072\004\070\004\077\004\065\004\064\004\070\004\117}{section.4}% 18
\BOOKMARK [2][-]{subsection.4.3}{\376\377\004\040\004\060\004\067\004\074\004\065\004\102\004\072\004\060\000\040\004\064\004\060\004\075\004\075\004\113\004\105\000\040\004\064\004\073\004\117\000\040\004\076\004\061\004\103\004\107\004\065\004\075\004\070\004\117}{section.4}% 19
\BOOKMARK [2][-]{subsection.4.4}{\376\377\004\040\004\060\004\067\004\074\004\065\004\102\004\072\004\060\000\040\004\064\004\060\004\075\004\075\004\113\004\105\000\040\004\064\004\073\004\117\000\040\004\076\004\106\004\065\004\075\004\070\004\062\004\060\004\075\004\070\004\117}{section.4}% 20
\BOOKMARK [2][-]{subsection.4.5}{\376\377\004\037\004\100\004\076\004\061\004\073\004\065\004\074\004\113\000\040\004\101\000\040\004\100\004\060\004\067\004\074\004\065\004\102\004\072\004\076\004\071\000\040\004\064\004\060\004\075\004\075\004\113\004\105}{section.4}% 21
\BOOKMARK [1][-]{section.5}{\376\377\004\036\004\061\004\103\004\107\004\065\004\075\004\070\004\065\000\040\004\070\000\040\004\102\004\116\004\075\004\070\004\075\004\063\000\040\004\074\004\076\004\064\004\065\004\073\004\065\004\071}{}% 22
\BOOKMARK [2][-]{subsection.5.1}{\376\377\000B\000i\000L\000S\000T\000M\000-\000C\000R\000F}{section.5}% 23
\BOOKMARK [2][-]{subsection.5.2}{\376\377\000B\000E\000R\000T}{section.5}% 24
\BOOKMARK [1][-]{section.6}{\376\377\004\022\004\076\004\101\004\077\004\100\004\076\004\070\004\067\004\062\004\065\004\064\004\065\004\075\004\070\004\065\000\040\004\060\004\073\004\063\004\076\004\100\004\070\004\102\004\074\004\060\000\040\004\070\004\067\000\040\004\101\004\102\004\060\004\102\004\114\004\070\000\040\004\035\004\065\004\062\004\067\004\076\004\100\004\076\004\062\004\076\004\071}{}% 25
\BOOKMARK [1][-]{section.7}{\376\377\004\024\004\065\004\074\004\076\004\075\004\101\004\102\004\100\004\060\004\106\004\070\004\117\000\040\004\077\004\076\004\073\004\103\004\107\004\065\004\075\004\075\004\113\004\105\000\040\004\100\004\065\004\067\004\103\004\073\004\114\004\102\004\060\004\102\004\076\004\062}{}% 26
\BOOKMARK [1][-]{section.8}{\376\377\004\041\004\100\004\060\004\062\004\075\004\065\004\075\004\070\004\065\000\040\004\100\004\065\004\067\004\103\004\073\004\114\004\102\004\060\004\102\004\076\004\062}{}% 27
\BOOKMARK [1][-]{section.9}{\376\377\004\022\004\113\004\062\004\076\004\064\004\113}{}% 28
\BOOKMARK [1][-]{section.10}{\376\377\004\027\004\060\004\072\004\073\004\116\004\107\004\065\004\075\004\070\004\065}{}% 29
\BOOKMARK [1][-]{Item.23}{\376\377\0001\0001\000\040\004\041\004\077\004\070\004\101\004\076\004\072\000\040\004\073\004\070\004\102\004\065\004\100\004\060\004\102\004\103\004\100\004\113}{}% 30
